<?xml version="1.0" encoding="UTF-8"?>
<!-- Generated by org.testng.reporters.JUnitXMLReporter -->
<testsuite ignored="0" hostname="DESKTOP-B5QR9PV" failures="1" tests="7" name="Test" time="86.16" errors="0" timestamp="2020-12-03T05:42:39 IST">
  <testcase classname="basepackage.BaseTest" name="@AfterMethod getResults" time="60.17">
    <failure type="org.openqa.selenium.TimeoutException" message="timeout: Timed out receiving message from renderer: 10.000
  (Session info: chrome=87.0.4280.66)
Build info: version: &amp;apos;3.141.59&amp;apos;, revision: &amp;apos;e82be7d358&amp;apos;, time: &amp;apos;2018-11-14T08:17:03&amp;apos;
System info: host: &amp;apos;DESKTOP-B5QR9PV&amp;apos;, ip: &amp;apos;192.168.0.106&amp;apos;, os.name: &amp;apos;Windows 10&amp;apos;, os.arch: &amp;apos;amd64&amp;apos;, os.version: &amp;apos;10.0&amp;apos;, java.version: &amp;apos;11&amp;apos;
Driver info: org.openqa.selenium.chrome.ChromeDriver
Capabilities {acceptInsecureCerts: false, browserName: chrome, browserVersion: 87.0.4280.66, chrome: {chromedriverVersion: 86.0.4240.22 (398b0743353ff..., userDataDir: C:\Users\Barsa\AppData\Loca...}, goog:chromeOptions: {debuggerAddress: localhost:57162}, javascriptEnabled: true, networkConnectionEnabled: false, pageLoadStrategy: normal, platform: WINDOWS, platformName: WINDOWS, proxy: Proxy(), setWindowRect: true, strictFileInteractability: false, timeouts: {implicit: 0, pageLoad: 300000, script: 30000}, unhandledPromptBehavior: dismiss and notify, webauthn:virtualAuthenticators: true}
Session ID: 2ef4ac254f913e4ccfa575862db2af38">
      <![CDATA[org.openqa.selenium.TimeoutException: timeout: Timed out receiving message from renderer: 10.000
  (Session info: chrome=87.0.4280.66)
Build info: version: '3.141.59', revision: 'e82be7d358', time: '2018-11-14T08:17:03'
System info: host: 'DESKTOP-B5QR9PV', ip: '192.168.0.106', os.name: 'Windows 10', os.arch: 'amd64', os.version: '10.0', java.version: '11'
Driver info: org.openqa.selenium.chrome.ChromeDriver
Capabilities {acceptInsecureCerts: false, browserName: chrome, browserVersion: 87.0.4280.66, chrome: {chromedriverVersion: 86.0.4240.22 (398b0743353ff..., userDataDir: C:\Users\Barsa\AppData\Loca...}, goog:chromeOptions: {debuggerAddress: localhost:57162}, javascriptEnabled: true, networkConnectionEnabled: false, pageLoadStrategy: normal, platform: WINDOWS, platformName: WINDOWS, proxy: Proxy(), setWindowRect: true, strictFileInteractability: false, timeouts: {implicit: 0, pageLoad: 300000, script: 30000}, unhandledPromptBehavior: dismiss and notify, webauthn:virtualAuthenticators: true}
Session ID: 2ef4ac254f913e4ccfa575862db2af38
at org.openqa.selenium.remote.http.W3CHttpResponseCodec.createException(W3CHttpResponseCodec.java:187)
at org.openqa.selenium.remote.http.W3CHttpResponseCodec.decode(W3CHttpResponseCodec.java:122)
at org.openqa.selenium.remote.http.W3CHttpResponseCodec.decode(W3CHttpResponseCodec.java:49)
at org.openqa.selenium.remote.HttpCommandExecutor.execute(HttpCommandExecutor.java:158)
at org.openqa.selenium.remote.service.DriverCommandExecutor.execute(DriverCommandExecutor.java:83)
at org.openqa.selenium.remote.RemoteWebDriver.execute(RemoteWebDriver.java:552)
at org.openqa.selenium.remote.RemoteWebDriver.execute(RemoteWebDriver.java:609)
at org.openqa.selenium.remote.RemoteWebDriver.getScreenshotAs(RemoteWebDriver.java:295)
at utils.CaptureScreenshot.getScreenshot(CaptureScreenshot.java:14)
at utils.ExtentReport.getResult(ExtentReport.java:55)
at basepackage.BaseTest.getResults(BaseTest.java:54)
at java.base/java.util.ArrayList.forEach(ArrayList.java:1540)
... Removed 36 stack frames]]>
    </failure>
  </testcase> <!-- @AfterMethod getResults -->
  <testcase classname="basepackage.BaseTest" name="@AfterMethod getResults" time="-1.606954358722E9">
    <skipped/>
  </testcase> <!-- @AfterMethod getResults -->
  <testcase classname="basepackage.BaseTest" name="@AfterMethod getResults" time="-1.606954358733E9">
    <skipped/>
  </testcase> <!-- @AfterMethod getResults -->
  <testcase classname="TestCases.Testcaseclass" name="TC5" time="0.014"/>
  <testcase classname="TestCases.Testcaseclass" name="TC6" time="0.008"/>
  <testcase classname="TestCases.Testcaseclass" name="TC7" time="0.006"/>
  <testcase classname="TestCases.Testcaseclass" name="search" time="8.084"/>
  <testcase classname="TestCases.Testcaseclass" name="validateSignInLink" time="0.252">
    <failure type="java.lang.AssertionError" message="expected [true] but found [false]">
      <![CDATA[java.lang.AssertionError: expected [true] but found [false]
at TestCases.Testcaseclass.validateSignInLink(Testcaseclass.java:40)
at java.base/java.util.ArrayList.forEach(ArrayList.java:1540)
... Removed 31 stack frames]]>
    </failure>
  </testcase> <!-- validateSignInLink -->
  <testcase classname="TestCases.Testcaseclass" name="validateAmazonLogo" time="0.0">
    <skipped/>
  </testcase> <!-- validateAmazonLogo -->
  <testcase classname="TestCases.Testcaseclass" name="logIn" time="0.0">
    <skipped/>
  </testcase> <!-- logIn -->
</testsuite> <!-- Test -->
